第 1 次收敛结果： 
Estimated A: 0.80341
Estimated ω: 1.81564
Estimated φ: 1.84175
Estimated b: 1.33029


程序运行时间: 2819.54 毫秒
第 2 次收敛结果： 
Estimated A: 0.790944
Estimated ω: 1.88414
Estimated φ: 1.76133
Estimated b: 1.3078


程序运行时间: 2703.92 毫秒
第 3 次收敛结果： 
Estimated A: 0.794089
Estimated ω: 1.88267
Estimated φ: 1.76463
Estimated b: 1.30973


程序运行时间: 2665.6 毫秒
第 4 次收敛结果： 
Estimated A: 0.792131
Estimated ω: 1.88772
Estimated φ: 1.75706
Estimated b: 1.30674


程序运行时间: 2690.1 毫秒
第 5 次收敛结果： 
Estimated A: 0.792711
Estimated ω: 1.88162
Estimated φ: 1.7646
Estimated b: 1.30976


程序运行时间: 2726.39 毫秒
第 6 次收敛结果： 
Estimated A: 0.794602
Estimated ω: 1.88066
Estimated φ: 1.76731
Estimated b: 1.31078


程序运行时间: 2698.04 毫秒
第 7 次收敛结果： 
Estimated A: 0.794979
Estimated ω: 1.87899
Estimated φ: 1.76995
Estimated b: 1.31132


程序运行时间: 2701.33 毫秒
第 8 次收敛结果： 
Estimated A: 0.797446
Estimated ω: 1.87137
Estimated φ: 1.77998
Estimated b: 1.31514


程序运行时间: 2716.57 毫秒
第 9 次收敛结果： 
Estimated A: 0.803184
Estimated ω: 1.86265
Estimated φ: 1.79498
Estimated b: 1.32048


程序运行时间: 2724.26 毫秒
第 10 次收敛结果： 
Estimated A: 0.790302
Estimated ω: 1.88263
Estimated φ: 1.76369
Estimated b: 1.30817


程序运行时间: 2722.59 毫秒
第 11 次收敛结果： 
Estimated A: 0.795958
Estimated ω: 1.87162
Estimated φ: 1.7806
Estimated b: 1.31441


程序运行时间: 2726.47 毫秒
第 12 次收敛结果： 
Estimated A: 0.796829
Estimated ω: 1.8523
Estimated φ: 1.80231
Estimated b: 1.31817


程序运行时间: 2759.55 毫秒
第 13 次收敛结果： 
Estimated A: 0.79099
Estimated ω: 1.86441
Estimated φ: 1.78107
Estimated b: 1.31154


程序运行时间: 2769.17 毫秒
第 14 次收敛结果： 
Estimated A: 0.793417
Estimated ω: 1.87936
Estimated φ: 1.76881
Estimated b: 1.31035


程序运行时间: 2718.97 毫秒
第 15 次收敛结果： 
Estimated A: 0.789231
Estimated ω: 1.88516
Estimated φ: 1.75815
Estimated b: 1.30596


程序运行时间: 2724.57 毫秒
第 16 次收敛结果： 
Estimated A: 0.796668
Estimated ω: 1.8741
Estimated φ: 1.77731
Estimated b: 1.31408


程序运行时间: 2698.4 毫秒
第 17 次收敛结果： 
Estimated A: 0.799325
Estimated ω: 1.86897
Estimated φ: 1.78646
Estimated b: 1.31706


程序运行时间: 2689.39 毫秒
第 18 次收敛结果： 
Estimated A: 0.794881
Estimated ω: 1.87946
Estimated φ: 1.76786
Estimated b: 1.3112


程序运行时间: 2740.4 毫秒
第 19 次收敛结果： 
Estimated A: 0.792874
Estimated ω: 1.88096
Estimated φ: 1.76562
Estimated b: 1.30939


程序运行时间: 2696.01 毫秒
第 20 次收敛结果： 
Estimated A: 0.795742
Estimated ω: 1.87585
Estimated φ: 1.774
Estimated b: 1.31275


程序运行时间: 2705.22 毫秒
第 21 次收敛结果： 
Estimated A: 0.791199
Estimated ω: 1.88072
Estimated φ: 1.76567
Estimated b: 1.30824


程序运行时间: 2699.26 毫秒
第 22 次收敛结果： 
Estimated A: 0.794919
Estimated ω: 1.86536
Estimated φ: 1.78597
Estimated b: 1.31437


程序运行时间: 2758.97 毫秒
第 23 次收敛结果： 
Estimated A: 0.792335
Estimated ω: 1.86702
Estimated φ: 1.77868
Estimated b: 1.3117


程序运行时间: 2767.47 毫秒
第 24 次收敛结果： 
Estimated A: 0.795155
Estimated ω: 1.83422
Estimated φ: 1.81845
Estimated b: 1.32073


程序运行时间: 2813.62 毫秒
第 25 次收敛结果： 
Estimated A: 0.789156
Estimated ω: 1.88913
Estimated φ: 1.75226
Estimated b: 1.30542


程序运行时间: 2753.77 毫秒
第 26 次收敛结果： 
Estimated A: 0.791549
Estimated ω: 1.8802
Estimated φ: 1.76322
Estimated b: 1.30829


程序运行时间: 2753.64 毫秒
第 27 次收敛结果： 
Estimated A: 0.78503
Estimated ω: 1.88639
Estimated φ: 1.75149
Estimated b: 1.30288


程序运行时间: 2757.9 毫秒
第 28 次收敛结果： 
Estimated A: 0.79173
Estimated ω: 1.88516
Estimated φ: 1.75969
Estimated b: 1.30792


程序运行时间: 2734.67 毫秒
第 29 次收敛结果： 
Estimated A: 0.793803
Estimated ω: 1.87862
Estimated φ: 1.76945
Estimated b: 1.31092


程序运行时间: 2724.22 毫秒
第 30 次收敛结果： 
Estimated A: 0.791763
Estimated ω: 1.8803
Estimated φ: 1.76614
Estimated b: 1.30943


程序运行时间: 2723.07 毫秒
第 31 次收敛结果： 
Estimated A: 0.790202
Estimated ω: 1.88501
Estimated φ: 1.75967
Estimated b: 1.30753


程序运行时间: 2655.24 毫秒
第 32 次收敛结果： 
Estimated A: 0.788648
Estimated ω: 1.89086
Estimated φ: 1.7492
Estimated b: 1.30382


程序运行时间: 2737.18 毫秒
第 33 次收敛结果： 
Estimated A: 0.789091
Estimated ω: 1.84008
Estimated φ: 1.8067
Estimated b: 1.31454


程序运行时间: 2826.35 毫秒
第 34 次收敛结果： 
Estimated A: 0.793119
Estimated ω: 1.88154
Estimated φ: 1.7637
Estimated b: 1.30949


程序运行时间: 2752.32 毫秒
第 35 次收敛结果： 
Estimated A: 0.791808
Estimated ω: 1.88601
Estimated φ: 1.7576
Estimated b: 1.30698


程序运行时间: 2717.74 毫秒
第 36 次收敛结果： 
Estimated A: 0.786271
Estimated ω: 1.89501
Estimated φ: 1.74408
Estimated b: 1.30206


程序运行时间: 2720.17 毫秒
第 37 次收敛结果： 
Estimated A: 0.794098
Estimated ω: 1.87888
Estimated φ: 1.76912
Estimated b: 1.3109


程序运行时间: 2751.26 毫秒
第 38 次收敛结果： 
Estimated A: 0.793572
Estimated ω: 1.88
Estimated φ: 1.76878
Estimated b: 1.31046


程序运行时间: 2708.31 毫秒
第 39 次收敛结果： 
Estimated A: 0.794282
Estimated ω: 1.87924
Estimated φ: 1.76971
Estimated b: 1.31078


程序运行时间: 2722.82 毫秒
第 40 次收敛结果： 
Estimated A: 0.797663
Estimated ω: 1.86793
Estimated φ: 1.78657
Estimated b: 1.31649


程序运行时间: 2739.44 毫秒
第 41 次收敛结果： 
Estimated A: 0.786268
Estimated ω: 1.87377
Estimated φ: 1.76764
Estimated b: 1.30626


程序运行时间: 2769.29 毫秒
第 42 次收敛结果： 
Estimated A: 0.793567
Estimated ω: 1.83585
Estimated φ: 1.81574
Estimated b: 1.31906


程序运行时间: 2806.16 毫秒
第 43 次收敛结果： 
Estimated A: 0.792148
Estimated ω: 1.84397
Estimated φ: 1.8055
Estimated b: 1.31659


程序运行时间: 2802.46 毫秒
第 44 次收敛结果： 
Estimated A: 0.788458
Estimated ω: 1.87592
Estimated φ: 1.76661
Estimated b: 1.30746


程序运行时间: 2764.56 毫秒
第 45 次收敛结果： 
Estimated A: 0.794282
Estimated ω: 1.87892
Estimated φ: 1.76862
Estimated b: 1.31091


程序运行时间: 2737.48 毫秒
第 46 次收敛结果： 
Estimated A: 0.796864
Estimated ω: 1.87505
Estimated φ: 1.77541
Estimated b: 1.31279


程序运行时间: 2735.54 毫秒
第 47 次收敛结果： 
Estimated A: 0.789317
Estimated ω: 1.88995
Estimated φ: 1.75142
Estimated b: 1.30477


程序运行时间: 2740 毫秒
第 48 次收敛结果： 
Estimated A: 0.790096
Estimated ω: 1.88413
Estimated φ: 1.76129
Estimated b: 1.30765


程序运行时间: 2680.5 毫秒
第 49 次收敛结果： 
Estimated A: 0.790498
Estimated ω: 1.88911
Estimated φ: 1.75545
Estimated b: 1.306


程序运行时间: 2671.06 毫秒
第 50 次收敛结果： 
Estimated A: 0.791222
Estimated ω: 1.88653
Estimated φ: 1.76034
Estimated b: 1.30784


程序运行时间: 2581.83 毫秒
程序平均运行时间: 2730.06 毫秒
