第 1 次收敛结果： 
Estimated A: 0.807157
Estimated ω: 1.85787
Estimated φ: 1.80075
Estimated b: 1.32588


程序运行时间: 2720.67 毫秒
第 2 次收敛结果： 
Estimated A: 0.787932
Estimated ω: 1.89452
Estimated φ: 1.74656
Estimated b: 1.30421


程序运行时间: 2629.43 毫秒
第 3 次收敛结果： 
Estimated A: 0.790828
Estimated ω: 1.88775
Estimated φ: 1.75787
Estimated b: 1.30696


程序运行时间: 2624.79 毫秒
第 4 次收敛结果： 
Estimated A: 0.789339
Estimated ω: 1.88748
Estimated φ: 1.75548
Estimated b: 1.30508


程序运行时间: 2725.53 毫秒
第 5 次收敛结果： 
Estimated A: 0.795373
Estimated ω: 1.82421
Estimated φ: 1.82984
Estimated b: 1.32245


程序运行时间: 2813.61 毫秒
第 6 次收敛结果： 
Estimated A: 0.794821
Estimated ω: 1.8364
Estimated φ: 1.81529
Estimated b: 1.32025


程序运行时间: 2804.64 毫秒
第 7 次收敛结果： 
Estimated A: 0.790279
Estimated ω: 1.86623
Estimated φ: 1.77912
Estimated b: 1.31101


程序运行时间: 2767.34 毫秒
第 8 次收敛结果： 
Estimated A: 0.783061
Estimated ω: 1.90492
Estimated φ: 1.72635
Estimated b: 1.29734


程序运行时间: 2705.53 毫秒
第 9 次收敛结果： 
Estimated A: 0.792775
Estimated ω: 1.88256
Estimated φ: 1.76503
Estimated b: 1.30909


程序运行时间: 2695.61 毫秒
第 10 次收敛结果： 
Estimated A: 0.798929
Estimated ω: 1.86724
Estimated φ: 1.78733
Estimated b: 1.31695


程序运行时间: 2701.63 毫秒
第 11 次收敛结果： 
Estimated A: 0.791864
Estimated ω: 1.88353
Estimated φ: 1.76186
Estimated b: 1.30886


程序运行时间: 2698.6 毫秒
第 12 次收敛结果： 
Estimated A: 0.790998
Estimated ω: 1.88057
Estimated φ: 1.76483
Estimated b: 1.30853


程序运行时间: 2733.59 毫秒
第 13 次收敛结果： 
Estimated A: 0.793433
Estimated ω: 1.87461
Estimated φ: 1.77339
Estimated b: 1.31163


程序运行时间: 2707.55 毫秒
第 14 次收敛结果： 
Estimated A: 0.788615
Estimated ω: 1.88932
Estimated φ: 1.75272
Estimated b: 1.30486


程序运行时间: 2701.99 毫秒
第 15 次收敛结果： 
Estimated A: 0.792372
Estimated ω: 1.88268
Estimated φ: 1.7629
Estimated b: 1.3088


程序运行时间: 2721.15 毫秒
第 16 次收敛结果： 
Estimated A: 0.791433
Estimated ω: 1.88168
Estimated φ: 1.76279
Estimated b: 1.30901


程序运行时间: 2732.57 毫秒
第 17 次收敛结果： 
Estimated A: 0.789788
Estimated ω: 1.88813
Estimated φ: 1.7557
Estimated b: 1.30634


程序运行时间: 2669.5 毫秒
第 18 次收敛结果： 
Estimated A: 0.793935
Estimated ω: 1.88278
Estimated φ: 1.76435
Estimated b: 1.30929


程序运行时间: 2656.91 毫秒
第 19 次收敛结果： 
Estimated A: 0.795637
Estimated ω: 1.84108
Estimated φ: 1.81193
Estimated b: 1.31954


程序运行时间: 2779.12 毫秒
第 20 次收敛结果： 
Estimated A: 0.790068
Estimated ω: 1.87091
Estimated φ: 1.77264
Estimated b: 1.30903


程序运行时间: 2766.49 毫秒
第 21 次收敛结果： 
Estimated A: 0.792806
Estimated ω: 1.85611
Estimated φ: 1.7922
Estimated b: 1.31505


程序运行时间: 2767.3 毫秒
第 22 次收敛结果： 
Estimated A: 0.787611
Estimated ω: 1.89047
Estimated φ: 1.75032
Estimated b: 1.30393


程序运行时间: 2731.83 毫秒
第 23 次收敛结果： 
Estimated A: 0.78701
Estimated ω: 1.89091
Estimated φ: 1.74971
Estimated b: 1.30359


程序运行时间: 2736 毫秒
第 24 次收敛结果： 
Estimated A: 0.796706
Estimated ω: 1.87262
Estimated φ: 1.77996
Estimated b: 1.31474


程序运行时间: 2661.42 毫秒
第 25 次收敛结果： 
Estimated A: 0.789122
Estimated ω: 1.88575
Estimated φ: 1.75932
Estimated b: 1.30674


程序运行时间: 2653.86 毫秒
第 26 次收敛结果： 
Estimated A: 0.793686
Estimated ω: 1.88061
Estimated φ: 1.76833
Estimated b: 1.31033


程序运行时间: 2665.02 毫秒
第 27 次收敛超时*********收敛失败!  重新拟合
程序运行时间: 11642.9 毫秒
第 27 次收敛结果： 
Estimated A: 0.791722
Estimated ω: 1.87916
Estimated φ: 1.7699
Estimated b: 1.30987


程序运行时间: 2697.65 毫秒
第 28 次收敛结果： 
Estimated A: 0.79261
Estimated ω: 1.88404
Estimated φ: 1.76172
Estimated b: 1.30794


程序运行时间: 2680.8 毫秒
第 29 次收敛结果： 
Estimated A: 0.791866
Estimated ω: 1.8849
Estimated φ: 1.7602
Estimated b: 1.30797


程序运行时间: 2716.72 毫秒
第 30 次收敛结果： 
Estimated A: 0.793233
Estimated ω: 1.88248
Estimated φ: 1.76481
Estimated b: 1.30971


程序运行时间: 2690.2 毫秒
第 31 次收敛结果： 
Estimated A: 0.792782
Estimated ω: 1.88304
Estimated φ: 1.7632
Estimated b: 1.30905


程序运行时间: 2693.96 毫秒
第 32 次收敛结果： 
Estimated A: 0.790789
Estimated ω: 1.88697
Estimated φ: 1.75726
Estimated b: 1.3065


程序运行时间: 2703.38 毫秒
第 33 次收敛结果： 
Estimated A: 0.793511
Estimated ω: 1.87946
Estimated φ: 1.76809
Estimated b: 1.31021


程序运行时间: 2719.71 毫秒
第 34 次收敛结果： 
Estimated A: 0.794243
Estimated ω: 1.8792
Estimated φ: 1.76754
Estimated b: 1.31051


程序运行时间: 2732.29 毫秒
第 35 次收敛结果： 
Estimated A: 0.792948
Estimated ω: 1.87007
Estimated φ: 1.77829
Estimated b: 1.31207


程序运行时间: 2758.02 毫秒
第 36 次收敛结果： 
Estimated A: 0.791782
Estimated ω: 1.84414
Estimated φ: 1.80592
Estimated b: 1.3168


程序运行时间: 2797.57 毫秒
第 37 次收敛结果： 
Estimated A: 0.791949
Estimated ω: 1.84892
Estimated φ: 1.80064
Estimated b: 1.31588


程序运行时间: 2791.56 毫秒
第 38 次收敛结果： 
Estimated A: 0.786344
Estimated ω: 1.89744
Estimated φ: 1.74078
Estimated b: 1.30218


程序运行时间: 2706.81 毫秒
第 39 次收敛结果： 
Estimated A: 0.792664
Estimated ω: 1.88626
Estimated φ: 1.75924
Estimated b: 1.30789


程序运行时间: 2661.78 毫秒
第 40 次收敛结果： 
Estimated A: 0.799186
Estimated ω: 1.87354
Estimated φ: 1.77968
Estimated b: 1.3155


程序运行时间: 2675.16 毫秒
第 41 次收敛结果： 
Estimated A: 0.786757
Estimated ω: 1.88928
Estimated φ: 1.75239
Estimated b: 1.30417


程序运行时间: 2727.14 毫秒
第 42 次收敛结果： 
Estimated A: 0.789256
Estimated ω: 1.88746
Estimated φ: 1.75567
Estimated b: 1.30593


程序运行时间: 2741.09 毫秒
第 43 次收敛结果： 
Estimated A: 0.78901
Estimated ω: 1.88521
Estimated φ: 1.75809
Estimated b: 1.30635


程序运行时间: 2735.71 毫秒
第 44 次收敛结果： 
Estimated A: 0.784122
Estimated ω: 1.89791
Estimated φ: 1.73832
Estimated b: 1.29995


程序运行时间: 2732.97 毫秒
第 45 次收敛结果： 
Estimated A: 0.79169
Estimated ω: 1.88824
Estimated φ: 1.75553
Estimated b: 1.30694


程序运行时间: 2693.02 毫秒
第 46 次收敛结果： 
Estimated A: 0.784885
Estimated ω: 1.89911
Estimated φ: 1.7384
Estimated b: 1.29984


程序运行时间: 2685.49 毫秒
第 47 次收敛结果： 
Estimated A: 0.793785
Estimated ω: 1.87792
Estimated φ: 1.77084
Estimated b: 1.31109


程序运行时间: 2710.07 毫秒
第 48 次收敛结果： 
Estimated A: 0.787985
Estimated ω: 1.88982
Estimated φ: 1.75149
Estimated b: 1.30451


程序运行时间: 2719.79 毫秒
第 49 次收敛结果： 
Estimated A: 0.794976
Estimated ω: 1.86489
Estimated φ: 1.78482
Estimated b: 1.31385


程序运行时间: 2762.45 毫秒
第 50 次收敛结果： 
Estimated A: 0.783323
Estimated ω: 1.89851
Estimated φ: 1.73688
Estimated b: 1.29936


程序运行时间: 2742.32 毫秒
程序平均运行时间: 2949.81 毫秒
